<?xml version="1.0" encoding="UTF-8" ?>
<testsuite tests="53" failures="0" name="twalsh.rlg.ResponsiveLayoutGraphTest" time="0.528" errors="0" skipped="0">
  <properties>
    <property name="java.runtime.name" value="Java(TM) SE Runtime Environment"/>
    <property name="sun.boot.library.path" value="/Library/Java/JavaVirtualMachines/jdk1.8.0_20.jdk/Contents/Home/jre/lib"/>
    <property name="java.vm.version" value="25.20-b23"/>
    <property name="user.country.format" value="GB"/>
    <property name="gopherProxySet" value="false"/>
    <property name="java.vm.vendor" value="Oracle Corporation"/>
    <property name="maven.multiModuleProjectDirectory" value="/Users/thomaswalsh/Documents/Workspace/Redecheck"/>
    <property name="java.vendor.url" value="http://java.oracle.com/"/>
    <property name="path.separator" value=":"/>
    <property name="guice.disable.misplaced.annotation.check" value="true"/>
    <property name="java.vm.name" value="Java HotSpot(TM) 64-Bit Server VM"/>
    <property name="file.encoding.pkg" value="sun.io"/>
    <property name="user.country" value="US"/>
    <property name="sun.java.launcher" value="SUN_STANDARD"/>
    <property name="sun.os.patch.level" value="unknown"/>
    <property name="java.vm.specification.name" value="Java Virtual Machine Specification"/>
    <property name="user.dir" value="/Users/thomaswalsh/Documents/Workspace/Redecheck"/>
    <property name="java.runtime.version" value="1.8.0_20-b26"/>
    <property name="java.awt.graphicsenv" value="sun.awt.CGraphicsEnvironment"/>
    <property name="java.endorsed.dirs" value="/Library/Java/JavaVirtualMachines/jdk1.8.0_20.jdk/Contents/Home/jre/lib/endorsed"/>
    <property name="os.arch" value="x86_64"/>
    <property name="java.io.tmpdir" value="/var/folders/wh/1w9f7hvj749b3s3sqhmttrr80000gn/T/"/>
    <property name="line.separator" value="
"/>
    <property name="java.vm.specification.vendor" value="Oracle Corporation"/>
    <property name="os.name" value="Mac OS X"/>
    <property name="classworlds.conf" value="/Users/thomaswalsh/Documents/Workspace/.metadata/.plugins/org.eclipse.m2e.launching/launches/m2conf877744220591233900.tmp"/>
    <property name="sun.jnu.encoding" value="UTF-8"/>
    <property name="java.library.path" value="/Users/thomaswalsh/Library/Java/Extensions:/Library/Java/Extensions:/Network/Library/Java/Extensions:/System/Library/Java/Extensions:/usr/lib/java:."/>
    <property name="java.specification.name" value="Java Platform API Specification"/>
    <property name="java.class.version" value="52.0"/>
    <property name="sun.management.compiler" value="HotSpot 64-Bit Tiered Compilers"/>
    <property name="os.version" value="10.11.1"/>
    <property name="http.nonProxyHosts" value="local|*.local|169.254/16|*.169.254/16"/>
    <property name="user.home" value="/Users/thomaswalsh"/>
    <property name="user.timezone" value="Europe/London"/>
    <property name="java.awt.printerjob" value="sun.lwawt.macosx.CPrinterJob"/>
    <property name="java.specification.version" value="1.8"/>
    <property name="file.encoding" value="UTF-8"/>
    <property name="user.name" value="thomaswalsh"/>
    <property name="java.class.path" value="/Applications/Eclipse.app/Contents/Eclipse/plugins/org.eclipse.m2e.maven.runtime_1.6.2.20150902-0001/jars/plexus-classworlds-2.5.2.jar"/>
    <property name="java.vm.specification.version" value="1.8"/>
    <property name="sun.arch.data.model" value="64"/>
    <property name="java.home" value="/Library/Java/JavaVirtualMachines/jdk1.8.0_20.jdk/Contents/Home/jre"/>
    <property name="sun.java.command" value="org.codehaus.plexus.classworlds.launcher.Launcher -B package"/>
    <property name="java.specification.vendor" value="Oracle Corporation"/>
    <property name="user.language" value="en"/>
    <property name="awt.toolkit" value="sun.lwawt.macosx.LWCToolkit"/>
    <property name="java.vm.info" value="mixed mode"/>
    <property name="java.version" value="1.8.0_20"/>
    <property name="java.ext.dirs" value="/Users/thomaswalsh/Library/Java/Extensions:/Library/Java/JavaVirtualMachines/jdk1.8.0_20.jdk/Contents/Home/jre/lib/ext:/Library/Java/Extensions:/Network/Library/Java/Extensions:/System/Library/Java/Extensions:/usr/lib/java"/>
    <property name="sun.boot.class.path" value="/Library/Java/JavaVirtualMachines/jdk1.8.0_20.jdk/Contents/Home/jre/lib/resources.jar:/Library/Java/JavaVirtualMachines/jdk1.8.0_20.jdk/Contents/Home/jre/lib/rt.jar:/Library/Java/JavaVirtualMachines/jdk1.8.0_20.jdk/Contents/Home/jre/lib/sunrsasign.jar:/Library/Java/JavaVirtualMachines/jdk1.8.0_20.jdk/Contents/Home/jre/lib/jsse.jar:/Library/Java/JavaVirtualMachines/jdk1.8.0_20.jdk/Contents/Home/jre/lib/jce.jar:/Library/Java/JavaVirtualMachines/jdk1.8.0_20.jdk/Contents/Home/jre/lib/charsets.jar:/Library/Java/JavaVirtualMachines/jdk1.8.0_20.jdk/Contents/Home/jre/lib/jfr.jar:/Library/Java/JavaVirtualMachines/jdk1.8.0_20.jdk/Contents/Home/jre/classes"/>
    <property name="java.vendor" value="Oracle Corporation"/>
    <property name="maven.home" value="/Users/thomaswalsh/Documents/Workspace/Redecheck/EMBEDDED"/>
    <property name="file.separator" value="/"/>
    <property name="java.vendor.url.bug" value="http://bugreport.sun.com/bugreport/"/>
    <property name="sun.cpu.endian" value="little"/>
    <property name="sun.io.unicode.encoding" value="UnicodeBig"/>
    <property name="socksNonProxyHosts" value="local|*.local|169.254/16|*.169.254/16"/>
    <property name="ftp.nonProxyHosts" value="local|*.local|169.254/16|*.169.254/16"/>
    <property name="sun.cpu.isalist" value=""/>
  </properties>
  <testcase classname="twalsh.rlg.ResponsiveLayoutGraphTest" name="testGetNodes" time="0.166"/>
  <testcase classname="twalsh.rlg.ResponsiveLayoutGraphTest" name="testSetNodes" time="0.005"/>
  <testcase classname="twalsh.rlg.ResponsiveLayoutGraphTest" name="testGetAlignments" time="0.003"/>
  <testcase classname="twalsh.rlg.ResponsiveLayoutGraphTest" name="testSetAlignments" time="0.003"/>
  <testcase classname="twalsh.rlg.ResponsiveLayoutGraphTest" name="testGetAlreadyGathered" time="0.003"/>
  <testcase classname="twalsh.rlg.ResponsiveLayoutGraphTest" name="testSetAlreadyGathered" time="0.004"/>
  <testcase classname="twalsh.rlg.ResponsiveLayoutGraphTest" name="decideBreakpointBothTrue" time="0.002"/>
  <testcase classname="twalsh.rlg.ResponsiveLayoutGraphTest" name="decideBreakpointTrueFalse" time="0.002"/>
  <testcase classname="twalsh.rlg.ResponsiveLayoutGraphTest" name="decideBreakpointTestElse" time="0.002"/>
  <testcase classname="twalsh.rlg.ResponsiveLayoutGraphTest" name="getEquationAllSame" time="0.004"/>
  <testcase classname="twalsh.rlg.ResponsiveLayoutGraphTest" name="getEquationGradientOne" time="0.003"/>
  <testcase classname="twalsh.rlg.ResponsiveLayoutGraphTest" name="getEquationGradientNotOne" time="0.003"/>
  <testcase classname="twalsh.rlg.ResponsiveLayoutGraphTest" name="bestFitAllSameUseAll" time="0.009"/>
  <testcase classname="twalsh.rlg.ResponsiveLayoutGraphTest" name="bestFitAllSameWithSplit" time="0.002"/>
  <testcase classname="twalsh.rlg.ResponsiveLayoutGraphTest" name="bestFitGradientOneUseAll" time="0.007"/>
  <testcase classname="twalsh.rlg.ResponsiveLayoutGraphTest" name="bestFitGradientOneWithSplit" time="0.003"/>
  <testcase classname="twalsh.rlg.ResponsiveLayoutGraphTest" name="matchValuesAllMatch" time="0.002"/>
  <testcase classname="twalsh.rlg.ResponsiveLayoutGraphTest" name="matchValuesBreaksOnFirst" time="0.001"/>
  <testcase classname="twalsh.rlg.ResponsiveLayoutGraphTest" name="matchValuesBreaksInMiddle" time="0.003"/>
  <testcase classname="twalsh.rlg.ResponsiveLayoutGraphTest" name="setUpVisCons" time="0.013"/>
  <testcase classname="twalsh.rlg.ResponsiveLayoutGraphTest" name="nodeMatchWithMatch" time="0.016"/>
  <testcase classname="twalsh.rlg.ResponsiveLayoutGraphTest" name="nodeMatchWithNoMatch" time="0.006"/>
  <testcase classname="twalsh.rlg.ResponsiveLayoutGraphTest" name="testAttachVisConsToNodes" time="0.002"/>
  <testcase classname="twalsh.rlg.ResponsiveLayoutGraphTest" name="testUpdateRemainingNodes" time="0.013"/>
  <testcase classname="twalsh.rlg.ResponsiveLayoutGraphTest" name="testUpdateAppearingNode" time="0.01"/>
  <testcase classname="twalsh.rlg.ResponsiveLayoutGraphTest" name="testUpdateDisappearingNode" time="0.003"/>
  <testcase classname="twalsh.rlg.ResponsiveLayoutGraphTest" name="setUpAlignmentCons" time="0.028"/>
  <testcase classname="twalsh.rlg.ResponsiveLayoutGraphTest" name="testCheckForEdgeMatchTrue" time="0.012"/>
  <testcase classname="twalsh.rlg.ResponsiveLayoutGraphTest" name="testCheckForEdgeMatchFlippedSibling" time="0.008"/>
  <testcase classname="twalsh.rlg.ResponsiveLayoutGraphTest" name="testCheckForEdgeMatchFalse" time="0.007"/>
  <testcase classname="twalsh.rlg.ResponsiveLayoutGraphTest" name="testUpdateRemainingEdges" time="0.033"/>
  <testcase classname="twalsh.rlg.ResponsiveLayoutGraphTest" name="testUpdateAppearingEdges" time="0.009"/>
  <testcase classname="twalsh.rlg.ResponsiveLayoutGraphTest" name="testDisappearingNodes" time="0.005"/>
  <testcase classname="twalsh.rlg.ResponsiveLayoutGraphTest" name="testAddParentConstraintsToNodes" time="0.009"/>
  <testcase classname="twalsh.rlg.ResponsiveLayoutGraphTest" name="testAddWidthConstraintsToNodes" time="0.003"/>
  <testcase classname="twalsh.rlg.ResponsiveLayoutGraphTest" name="testGetWidthsForConstraintsOneParent" time="0.003"/>
  <testcase classname="twalsh.rlg.ResponsiveLayoutGraphTest" name="testGetWidthsForConstraintsTwoParents" time="0.003"/>
  <testcase classname="twalsh.rlg.ResponsiveLayoutGraphTest" name="testPopulateWidthArrays" time="0.021"/>
  <testcase classname="twalsh.rlg.ResponsiveLayoutGraphTest" name="testFindAppearPointRecursiveBranch1NodeMatch" time="0.027"/>
  <testcase classname="twalsh.rlg.ResponsiveLayoutGraphTest" name="testFindAppearPointRecursiveBranch1NodeNoMatch" time="0.005"/>
  <testcase classname="twalsh.rlg.ResponsiveLayoutGraphTest" name="testFindAppearPointRecursiveBranch2ReturnMin" time="0.008"/>
  <testcase classname="twalsh.rlg.ResponsiveLayoutGraphTest" name="testFindAppearPointRecursiveBranch2ReturnMax" time="0.006"/>
  <testcase classname="twalsh.rlg.ResponsiveLayoutGraphTest" name="testFindAppearPointRecursiveBranch2ReturnMaxPlusOne" time="0.002"/>
  <testcase classname="twalsh.rlg.ResponsiveLayoutGraphTest" name="testFindDisappearPointRecursiveBranch1NodeMatch" time="0.005"/>
  <testcase classname="twalsh.rlg.ResponsiveLayoutGraphTest" name="testFindDisappearPointRecursiveBranch1NodeNoMatch" time="0.005"/>
  <testcase classname="twalsh.rlg.ResponsiveLayoutGraphTest" name="testFindDisappearPointRecursiveBranch2ReturnMin" time="0.004"/>
  <testcase classname="twalsh.rlg.ResponsiveLayoutGraphTest" name="testFindDisappearPointRecursiveBranch2ReturnMax" time="0.005"/>
  <testcase classname="twalsh.rlg.ResponsiveLayoutGraphTest" name="testFindDisappearPointRecursiveBranch2ReturnMaxPlusOne" time="0.004"/>
  <testcase classname="twalsh.rlg.ResponsiveLayoutGraphTest" name="testWidthBreakpointRecursiveTrue" time="0.006"/>
  <testcase classname="twalsh.rlg.ResponsiveLayoutGraphTest" name="testWidthBreakpointRecursiveFalse" time="0.005"/>
  <testcase classname="twalsh.rlg.ResponsiveLayoutGraphTest" name="testFindWidthBreakpointRecursiveBranch2ReturnMin" time="0.005"/>
  <testcase classname="twalsh.rlg.ResponsiveLayoutGraphTest" name="testFindWidthBreakpointRecursiveBranch2ReturnMax" time="0.005"/>
  <testcase classname="twalsh.rlg.ResponsiveLayoutGraphTest" name="testFindWidthBreakpointRecursiveBranch2ReturnMinMinusOne" time="0.005"/>
</testsuite>